Namespace(batch_size=32, dataset='modelnet40', dropout=0.5, emb_dims=1024, epochs=250, eval=False, exp_name='dgcnn_1024', k=20, lr=0.001, model='dgcnn', model_path='', momentum=0.9, no_cuda=False, num_points=1024, seed=1, test_batch_size=16, use_sgd=True)
Using CPU
Namespace(batch_size=32, dataset='modelnet40', dropout=0.5, emb_dims=1024, epochs=250, eval=False, exp_name='dgcnn_1024', k=20, lr=0.001, model='dgcnn', model_path='', momentum=0.9, no_cuda=False, num_points=1024, seed=1, test_batch_size=16, use_sgd=True)
Using CPU
Namespace(batch_size=32, dataset='modelnet40', dropout=0.5, emb_dims=1024, epochs=250, eval=False, exp_name='dgcnn_1024', k=20, lr=0.001, model='dgcnn', model_path='', momentum=0.9, no_cuda=False, num_points=1024, seed=1, test_batch_size=16, use_sgd=True)
Using CPU
Namespace(batch_size=32, dataset='modelnet40', dropout=0.5, emb_dims=1024, epochs=250, eval=False, exp_name='dgcnn_1024', k=20, lr=0.001, model='dgcnn', model_path='', momentum=0.9, no_cuda=False, num_points=1024, seed=1, test_batch_size=16, use_sgd=True)
Using CPU
Namespace(batch_size=32, dataset='modelnet40', dropout=0.5, emb_dims=1024, epochs=250, eval=False, exp_name='dgcnn_1024', k=20, lr=0.001, model='dgcnn', model_path='', momentum=0.9, no_cuda=False, num_points=1024, seed=1, test_batch_size=16, use_sgd=True)
Using CPU
Namespace(batch_size=32, dataset='modelnet40', dropout=0.5, emb_dims=1024, epochs=250, eval=False, exp_name='dgcnn_1024', k=20, lr=0.001, model='dgcnn', model_path='', momentum=0.9, no_cuda=False, num_points=1024, seed=1, test_batch_size=16, use_sgd=True)
Using CPU
Namespace(batch_size=32, dataset='modelnet40', dropout=0.5, emb_dims=1024, epochs=250, eval=False, exp_name='dgcnn_1024', k=20, lr=0.001, model='dgcnn', model_path='', momentum=0.9, no_cuda=False, num_points=1024, seed=1, test_batch_size=16, use_sgd=True)
Using CPU
Namespace(batch_size=32, dataset='modelnet40', dropout=0.5, emb_dims=1024, epochs=250, eval=False, exp_name='dgcnn_1024', k=20, lr=0.001, model='dgcnn', model_path='', momentum=0.9, no_cuda=False, num_points=1024, seed=1, test_batch_size=16, use_sgd=True)
Using CPU
Namespace(batch_size=32, dataset='modelnet40', dropout=0.5, emb_dims=1024, epochs=250, eval=False, exp_name='dgcnn_1024', k=20, lr=0.001, model='dgcnn', model_path='', momentum=0.9, no_cuda=False, num_points=1024, seed=1, test_batch_size=16, use_sgd=True)
Using CPU
Namespace(batch_size=32, dataset='modelnet40', dropout=0.5, emb_dims=1024, epochs=250, eval=False, exp_name='dgcnn_1024', k=20, lr=0.001, model='dgcnn', model_path='', momentum=0.9, no_cuda=False, num_points=1024, seed=1, test_batch_size=16, use_sgd=True)
Using GPU : 0 from 1 devices
Namespace(batch_size=32, dataset='modelnet40', dropout=0.5, emb_dims=1024, epochs=250, eval=False, exp_name='dgcnn_1024', k=20, lr=0.001, model='dgcnn', model_path='', momentum=0.9, no_cuda=False, num_points=1024, seed=1, test_batch_size=16, use_sgd=True)
Using GPU : 0 from 1 devices
Namespace(batch_size=16, dataset='modelnet40', dropout=0.5, emb_dims=1024, epochs=250, eval=False, exp_name='dgcnn_1024', k=20, lr=0.001, model='dgcnn', model_path='', momentum=0.9, no_cuda=False, num_points=1024, seed=1, test_batch_size=16, use_sgd=True)
Using GPU : 0 from 1 devices
Train 0, loss: 2.967377, train acc: 0.366463, train avg acc: 0.193885
Test 0, loss: 2.552366, test acc: 0.447326, test avg acc: 0.332773
Train 1, loss: 2.420488, train acc: 0.550203, train avg acc: 0.359926
Test 1, loss: 2.114073, test acc: 0.687196, test avg acc: 0.530227
Train 2, loss: 2.252313, train acc: 0.617581, train avg acc: 0.439731
Test 2, loss: 1.996237, test acc: 0.718801, test avg acc: 0.598802
Train 3, loss: 2.124059, train acc: 0.672967, train avg acc: 0.509078
Test 3, loss: 1.932363, test acc: 0.758914, test avg acc: 0.647715
Train 4, loss: 2.057130, train acc: 0.702846, train avg acc: 0.549688
Test 4, loss: 1.914292, test acc: 0.740276, test avg acc: 0.637645
Train 5, loss: 2.006218, train acc: 0.727846, train avg acc: 0.590325
Test 5, loss: 1.807116, test acc: 0.804295, test avg acc: 0.684669
Train 6, loss: 1.972415, train acc: 0.745833, train avg acc: 0.620282
Test 6, loss: 1.800064, test acc: 0.799433, test avg acc: 0.710198
Train 7, loss: 1.935535, train acc: 0.759248, train avg acc: 0.637590
Test 7, loss: 1.733174, test acc: 0.841977, test avg acc: 0.734256
Train 8, loss: 1.915865, train acc: 0.767378, train avg acc: 0.648286
Test 8, loss: 1.772245, test acc: 0.824554, test avg acc: 0.751651
Train 9, loss: 1.893626, train acc: 0.779980, train avg acc: 0.667224
Test 9, loss: 1.715101, test acc: 0.856969, test avg acc: 0.772500
Train 10, loss: 1.875278, train acc: 0.782927, train avg acc: 0.667557
Test 10, loss: 1.757634, test acc: 0.817261, test avg acc: 0.730959
Train 11, loss: 1.865289, train acc: 0.788211, train avg acc: 0.679538
Test 11, loss: 1.742378, test acc: 0.834279, test avg acc: 0.744413
Train 12, loss: 1.853484, train acc: 0.797358, train avg acc: 0.695494
Test 12, loss: 1.754690, test acc: 0.841572, test avg acc: 0.761448
Train 13, loss: 1.841057, train acc: 0.801626, train avg acc: 0.698145
Test 13, loss: 1.703272, test acc: 0.838331, test avg acc: 0.745872
Train 14, loss: 1.829841, train acc: 0.803659, train avg acc: 0.702115
Test 14, loss: 1.748033, test acc: 0.835900, test avg acc: 0.757308
Train 15, loss: 1.830051, train acc: 0.803659, train avg acc: 0.701955
Test 15, loss: 1.699711, test acc: 0.842382, test avg acc: 0.769105
Train 16, loss: 1.812474, train acc: 0.812602, train avg acc: 0.709290
Test 16, loss: 1.734186, test acc: 0.833468, test avg acc: 0.748965
Train 17, loss: 1.800600, train acc: 0.813821, train avg acc: 0.714501
Test 17, loss: 1.637236, test acc: 0.873177, test avg acc: 0.791610
Train 18, loss: 1.802963, train acc: 0.815752, train avg acc: 0.717210
Test 18, loss: 1.775660, test acc: 0.819692, test avg acc: 0.719994
Train 19, loss: 1.786389, train acc: 0.822866, train avg acc: 0.725889
Test 19, loss: 1.689655, test acc: 0.849676, test avg acc: 0.781936
Train 20, loss: 1.787785, train acc: 0.824187, train avg acc: 0.731868
Test 20, loss: 1.820159, test acc: 0.790519, test avg acc: 0.741727
Train 21, loss: 1.781572, train acc: 0.821443, train avg acc: 0.732024
Test 21, loss: 1.664356, test acc: 0.869530, test avg acc: 0.803244
Train 22, loss: 1.773933, train acc: 0.829065, train avg acc: 0.737999
Test 22, loss: 1.650913, test acc: 0.852107, test avg acc: 0.778407
Train 23, loss: 1.768933, train acc: 0.830183, train avg acc: 0.744897
Test 23, loss: 1.672857, test acc: 0.843193, test avg acc: 0.780076
Train 24, loss: 1.757207, train acc: 0.834350, train avg acc: 0.750464
Test 24, loss: 1.684736, test acc: 0.860616, test avg acc: 0.791983
Train 25, loss: 1.760485, train acc: 0.833841, train avg acc: 0.744208
Test 25, loss: 1.672138, test acc: 0.858590, test avg acc: 0.791826
Train 26, loss: 1.755887, train acc: 0.838008, train avg acc: 0.749183
Test 26, loss: 1.649639, test acc: 0.869530, test avg acc: 0.812948
Train 27, loss: 1.752987, train acc: 0.838923, train avg acc: 0.753441
Test 27, loss: 1.652766, test acc: 0.866694, test avg acc: 0.773541
Train 28, loss: 1.749533, train acc: 0.840549, train avg acc: 0.755323
Test 28, loss: 1.650922, test acc: 0.869125, test avg acc: 0.790279
Train 29, loss: 1.735967, train acc: 0.840955, train avg acc: 0.758100
Test 29, loss: 1.671450, test acc: 0.853323, test avg acc: 0.771343
Train 30, loss: 1.732849, train acc: 0.842988, train avg acc: 0.755926
Test 30, loss: 1.627068, test acc: 0.871151, test avg acc: 0.797808
Train 31, loss: 1.747344, train acc: 0.839126, train avg acc: 0.757584
Test 31, loss: 1.717136, test acc: 0.834684, test avg acc: 0.759169
Train 32, loss: 1.741395, train acc: 0.847154, train avg acc: 0.768222
Test 32, loss: 1.620497, test acc: 0.873987, test avg acc: 0.796890
Namespace(batch_size=16, dataset='modelnet40', dropout=0.5, emb_dims=1024, epochs=250, eval=False, exp_name='dgcnn_1024', k=20, lr=0.001, model='dgcnn', model_path='', momentum=0.9, no_cuda=False, num_points=1024, seed=1, test_batch_size=16, use_sgd=True)
Using GPU : 0 from 1 devices
Train 0, loss: 2.967377, train acc: 0.366463, train avg acc: 0.193885
Test 0, loss: 2.552366, test acc: 0.447326, test avg acc: 0.332773
Namespace(batch_size=16, dataset='modelnet40', dropout=0.5, emb_dims=1024, epochs=50, eval=False, exp_name='dgcnn_1024', k=20, lr=0.001, model='dgcnn', model_path='', momentum=0.9, no_cuda=False, num_points=1024, seed=1, test_batch_size=16, use_sgd=True)
Using GPU : 0 from 1 devices
Train 0, loss: 2.981559, train acc: 0.356809, train avg acc: 0.189479
Test 0, loss: 2.564268, test acc: 0.458671, test avg acc: 0.327895
Train 1, loss: 2.449527, train acc: 0.535671, train avg acc: 0.345853
Test 1, loss: 2.212983, test acc: 0.660859, test avg acc: 0.518529
Train 2, loss: 2.274797, train acc: 0.606098, train avg acc: 0.423897
Test 2, loss: 2.085409, test acc: 0.678687, test avg acc: 0.559983
Train 3, loss: 2.136174, train acc: 0.676118, train avg acc: 0.510710
Test 3, loss: 1.926062, test acc: 0.775122, test avg acc: 0.658297
Train 4, loss: 2.079873, train acc: 0.697663, train avg acc: 0.541205
Test 4, loss: 1.909013, test acc: 0.752026, test avg acc: 0.631605
Train 5, loss: 2.010713, train acc: 0.725711, train avg acc: 0.584873
Test 5, loss: 1.894559, test acc: 0.757293, test avg acc: 0.643895
Train 6, loss: 1.970768, train acc: 0.743191, train avg acc: 0.606272
Test 6, loss: 1.813584, test acc: 0.784846, test avg acc: 0.661134
Train 7, loss: 1.930029, train acc: 0.760772, train avg acc: 0.634025
Test 7, loss: 1.749755, test acc: 0.824554, test avg acc: 0.699273
Train 8, loss: 1.902889, train acc: 0.774797, train avg acc: 0.656021
Test 8, loss: 1.732876, test acc: 0.835089, test avg acc: 0.756959
Train 9, loss: 1.874762, train acc: 0.784654, train avg acc: 0.672491
Test 9, loss: 1.704978, test acc: 0.852512, test avg acc: 0.757198
Train 10, loss: 1.854385, train acc: 0.794106, train avg acc: 0.684879
Test 10, loss: 1.721793, test acc: 0.836710, test avg acc: 0.748407
Train 11, loss: 1.829539, train acc: 0.802541, train avg acc: 0.696427
Test 11, loss: 1.729415, test acc: 0.829822, test avg acc: 0.764576
Train 12, loss: 1.818558, train acc: 0.811382, train avg acc: 0.711728
Test 12, loss: 1.680490, test acc: 0.854538, test avg acc: 0.755366
Train 13, loss: 1.801220, train acc: 0.816057, train avg acc: 0.717131
Test 13, loss: 1.662062, test acc: 0.860211, test avg acc: 0.768977
Train 14, loss: 1.786867, train acc: 0.822561, train avg acc: 0.729332
Test 14, loss: 1.675928, test acc: 0.863047, test avg acc: 0.802052
Train 15, loss: 1.772820, train acc: 0.826423, train avg acc: 0.729559
Test 15, loss: 1.649040, test acc: 0.877634, test avg acc: 0.825453
Train 16, loss: 1.753449, train acc: 0.836484, train avg acc: 0.745179
Test 16, loss: 1.728239, test acc: 0.846434, test avg acc: 0.777320
Train 17, loss: 1.741860, train acc: 0.840041, train avg acc: 0.751758
Test 17, loss: 1.641473, test acc: 0.865073, test avg acc: 0.797907
Train 18, loss: 1.731048, train acc: 0.845224, train avg acc: 0.761019
Test 18, loss: 1.634126, test acc: 0.869125, test avg acc: 0.800797
Train 19, loss: 1.708421, train acc: 0.855793, train avg acc: 0.774431
Test 19, loss: 1.620667, test acc: 0.869530, test avg acc: 0.816692
Train 20, loss: 1.699072, train acc: 0.858028, train avg acc: 0.781622
Test 20, loss: 1.617065, test acc: 0.863047, test avg acc: 0.788849
Train 21, loss: 1.686060, train acc: 0.856402, train avg acc: 0.777538
Test 21, loss: 1.602621, test acc: 0.877229, test avg acc: 0.805529
Train 22, loss: 1.679814, train acc: 0.860264, train avg acc: 0.783747
Test 22, loss: 1.617220, test acc: 0.865073, test avg acc: 0.802064
Train 23, loss: 1.666623, train acc: 0.871037, train avg acc: 0.802558
Test 23, loss: 1.580473, test acc: 0.885332, test avg acc: 0.830640
Train 24, loss: 1.652097, train acc: 0.876321, train avg acc: 0.810315
Test 24, loss: 1.585271, test acc: 0.884522, test avg acc: 0.835808
Train 25, loss: 1.643563, train acc: 0.879776, train avg acc: 0.813089
Test 25, loss: 1.575144, test acc: 0.895867, test avg acc: 0.835221
Train 26, loss: 1.627345, train acc: 0.885874, train avg acc: 0.819881
Test 26, loss: 1.538686, test acc: 0.904781, test avg acc: 0.856349
Train 27, loss: 1.617516, train acc: 0.889533, train avg acc: 0.829921
Test 27, loss: 1.560902, test acc: 0.895867, test avg acc: 0.826605
Train 28, loss: 1.606682, train acc: 0.892886, train avg acc: 0.834675
Test 28, loss: 1.526794, test acc: 0.904781, test avg acc: 0.856814
Train 29, loss: 1.592510, train acc: 0.896850, train avg acc: 0.841823
Test 29, loss: 1.540509, test acc: 0.904781, test avg acc: 0.861488
Train 30, loss: 1.579848, train acc: 0.902947, train avg acc: 0.850492
Test 30, loss: 1.507495, test acc: 0.908023, test avg acc: 0.857424
Train 31, loss: 1.578560, train acc: 0.905793, train avg acc: 0.855767
Test 31, loss: 1.500868, test acc: 0.913290, test avg acc: 0.864471
Train 32, loss: 1.569838, train acc: 0.909045, train avg acc: 0.858305
Test 32, loss: 1.513036, test acc: 0.906807, test avg acc: 0.872686
Train 33, loss: 1.557013, train acc: 0.912297, train avg acc: 0.863466
Test 33, loss: 1.507540, test acc: 0.908428, test avg acc: 0.872709
Train 34, loss: 1.542069, train acc: 0.918699, train avg acc: 0.875365
Test 34, loss: 1.496836, test acc: 0.911264, test avg acc: 0.875250
Train 35, loss: 1.536762, train acc: 0.919207, train avg acc: 0.875719
Test 35, loss: 1.500697, test acc: 0.910454, test avg acc: 0.875384
Train 36, loss: 1.523312, train acc: 0.928557, train avg acc: 0.889423
Test 36, loss: 1.501550, test acc: 0.904781, test avg acc: 0.863459
Train 37, loss: 1.522208, train acc: 0.926626, train avg acc: 0.883535
Test 37, loss: 1.482218, test acc: 0.914506, test avg acc: 0.873297
Train 38, loss: 1.515363, train acc: 0.932419, train avg acc: 0.895648
Test 38, loss: 1.481627, test acc: 0.913290, test avg acc: 0.883291
Train 39, loss: 1.505988, train acc: 0.932114, train avg acc: 0.896882
Test 39, loss: 1.482151, test acc: 0.915721, test avg acc: 0.872424
Train 40, loss: 1.503295, train acc: 0.932317, train avg acc: 0.893704
Test 40, loss: 1.474851, test acc: 0.918963, test avg acc: 0.885953
Train 41, loss: 1.491299, train acc: 0.941057, train avg acc: 0.908280
Test 41, loss: 1.476093, test acc: 0.925851, test avg acc: 0.887163
Train 42, loss: 1.483849, train acc: 0.942988, train avg acc: 0.907959
Test 42, loss: 1.472894, test acc: 0.911669, test avg acc: 0.882337
Train 43, loss: 1.482874, train acc: 0.942276, train avg acc: 0.911784
Test 43, loss: 1.469045, test acc: 0.915316, test avg acc: 0.884169
Train 44, loss: 1.481330, train acc: 0.943394, train avg acc: 0.908909
Test 44, loss: 1.465244, test acc: 0.921394, test avg acc: 0.891291
Train 45, loss: 1.476950, train acc: 0.944817, train avg acc: 0.913595
Test 45, loss: 1.461199, test acc: 0.925041, test avg acc: 0.893831
Train 46, loss: 1.474107, train acc: 0.945122, train avg acc: 0.912737
Test 46, loss: 1.462223, test acc: 0.921799, test avg acc: 0.891581
Train 47, loss: 1.469291, train acc: 0.946951, train avg acc: 0.914993
Test 47, loss: 1.465799, test acc: 0.919773, test avg acc: 0.890459
Train 48, loss: 1.475562, train acc: 0.943191, train avg acc: 0.913243
Test 48, loss: 1.465148, test acc: 0.922609, test avg acc: 0.892041
Train 49, loss: 1.472291, train acc: 0.949289, train avg acc: 0.921919
Test 49, loss: 1.464352, test acc: 0.918558, test avg acc: 0.888209
Namespace(batch_size=16, dataset='modelnet40', dropout=0.5, emb_dims=1024, epochs=250, eval=False, exp_name='dgcnn_1024', k=20, lr=0.001, model='dgcnn', model_path='', momentum=0.9, no_cuda=False, num_points=1024, seed=1, test_batch_size=16, use_sgd=True)
Using GPU : 0 from 1 devices
Train 0, loss: 2.967377, train acc: 0.366463, train avg acc: 0.193885
Test 0, loss: 2.552366, test acc: 0.447326, test avg acc: 0.332773
Train 1, loss: 2.420488, train acc: 0.550203, train avg acc: 0.359926
Test 1, loss: 2.114073, test acc: 0.687196, test avg acc: 0.530227
Train 2, loss: 2.252313, train acc: 0.617581, train avg acc: 0.439731
Test 2, loss: 1.996237, test acc: 0.718801, test avg acc: 0.598802
Train 3, loss: 2.124059, train acc: 0.672967, train avg acc: 0.509078
Test 3, loss: 1.932363, test acc: 0.758914, test avg acc: 0.647715
Train 4, loss: 2.057130, train acc: 0.702846, train avg acc: 0.549688
Test 4, loss: 1.914292, test acc: 0.740276, test avg acc: 0.637645
Train 5, loss: 2.006218, train acc: 0.727846, train avg acc: 0.590325
Test 5, loss: 1.807116, test acc: 0.804295, test avg acc: 0.684669
Train 6, loss: 1.972415, train acc: 0.745833, train avg acc: 0.620282
Test 6, loss: 1.800064, test acc: 0.799433, test avg acc: 0.710198
Train 7, loss: 1.935535, train acc: 0.759248, train avg acc: 0.637590
Test 7, loss: 1.733174, test acc: 0.841977, test avg acc: 0.734256
Train 8, loss: 1.915865, train acc: 0.767378, train avg acc: 0.648286
Namespace(batch_size=16, dataset='modelnet40', dropout=0.5, emb_dims=1024, epochs=250, eval=False, exp_name='dgcnn_1024', k=20, lr=0.001, model='dgcnn', model_path='', momentum=0.9, no_cuda=False, num_points=1024, seed=1, test_batch_size=16, use_sgd=True)
Using GPU : 0 from 1 devices
Train 0, loss: 2.967377, train acc: 0.366463, train avg acc: 0.193885
Test 0, loss: 2.552366, test acc: 0.447326, test avg acc: 0.332773
Namespace(batch_size=16, dataset='modelnet40', dropout=0.5, emb_dims=1024, epochs=250, eval=False, exp_name='dgcnn_1024', k=20, lr=0.001, model='dgcnn', model_path='', momentum=0.9, no_cuda=False, num_points=1024, seed=1, test_batch_size=16, use_sgd=True)
Using GPU : 0 from 1 devices
Train 0, loss: 2.967377, train acc: 0.366463, train avg acc: 0.193885
Test 0, loss: 2.552366, test acc: 0.447326, test avg acc: 0.332773
Train 1, loss: 2.420488, train acc: 0.550203, train avg acc: 0.359926
Test 1, loss: 2.114073, test acc: 0.687196, test avg acc: 0.530227
Train 2, loss: 2.252313, train acc: 0.617581, train avg acc: 0.439731
Test 2, loss: 1.996237, test acc: 0.718801, test avg acc: 0.598802
Train 3, loss: 2.124059, train acc: 0.672967, train avg acc: 0.509078
Test 3, loss: 1.932363, test acc: 0.758914, test avg acc: 0.647715
Train 4, loss: 2.057130, train acc: 0.702846, train avg acc: 0.549688
Test 4, loss: 1.914292, test acc: 0.740276, test avg acc: 0.637645
Train 5, loss: 2.006218, train acc: 0.727846, train avg acc: 0.590325
Test 5, loss: 1.807116, test acc: 0.804295, test avg acc: 0.684669
Train 6, loss: 1.972415, train acc: 0.745833, train avg acc: 0.620282
Test 6, loss: 1.800064, test acc: 0.799433, test avg acc: 0.710198
Train 7, loss: 1.935535, train acc: 0.759248, train avg acc: 0.637590
Test 7, loss: 1.733174, test acc: 0.841977, test avg acc: 0.734256
Train 8, loss: 1.915865, train acc: 0.767378, train avg acc: 0.648286
Test 8, loss: 1.772245, test acc: 0.824554, test avg acc: 0.751651
Train 9, loss: 1.893626, train acc: 0.779980, train avg acc: 0.667224
Test 9, loss: 1.715101, test acc: 0.856969, test avg acc: 0.772500
Train 10, loss: 1.875278, train acc: 0.782927, train avg acc: 0.667557
Test 10, loss: 1.757634, test acc: 0.817261, test avg acc: 0.730959
Train 11, loss: 1.865289, train acc: 0.788211, train avg acc: 0.679538
Test 11, loss: 1.742378, test acc: 0.834279, test avg acc: 0.744413
Train 12, loss: 1.853484, train acc: 0.797358, train avg acc: 0.695494
Test 12, loss: 1.754690, test acc: 0.841572, test avg acc: 0.761448
Train 13, loss: 1.841057, train acc: 0.801626, train avg acc: 0.698145
Test 13, loss: 1.703272, test acc: 0.838331, test avg acc: 0.745872
Train 14, loss: 1.829841, train acc: 0.803659, train avg acc: 0.702115
Test 14, loss: 1.748033, test acc: 0.835900, test avg acc: 0.757308
Train 15, loss: 1.830051, train acc: 0.803659, train avg acc: 0.701955
Test 15, loss: 1.699711, test acc: 0.842382, test avg acc: 0.769105
Train 16, loss: 1.812474, train acc: 0.812602, train avg acc: 0.709290
Test 16, loss: 1.734186, test acc: 0.833468, test avg acc: 0.748965
Train 17, loss: 1.800600, train acc: 0.813821, train avg acc: 0.714501
Test 17, loss: 1.637236, test acc: 0.873177, test avg acc: 0.791610
Train 18, loss: 1.802963, train acc: 0.815752, train avg acc: 0.717210
Test 18, loss: 1.775660, test acc: 0.819692, test avg acc: 0.719994
Train 19, loss: 1.786389, train acc: 0.822866, train avg acc: 0.725889
Test 19, loss: 1.689655, test acc: 0.849676, test avg acc: 0.781936
Train 20, loss: 1.787785, train acc: 0.824187, train avg acc: 0.731868
Test 20, loss: 1.820159, test acc: 0.790519, test avg acc: 0.741727
Train 21, loss: 1.781572, train acc: 0.821443, train avg acc: 0.732024
Test 21, loss: 1.664356, test acc: 0.869530, test avg acc: 0.803244
Train 22, loss: 1.773933, train acc: 0.829065, train avg acc: 0.737999
Test 22, loss: 1.650913, test acc: 0.852107, test avg acc: 0.778407
Train 23, loss: 1.768933, train acc: 0.830183, train avg acc: 0.744897
Test 23, loss: 1.672857, test acc: 0.843193, test avg acc: 0.780076
Train 24, loss: 1.757207, train acc: 0.834350, train avg acc: 0.750464
Test 24, loss: 1.684736, test acc: 0.860616, test avg acc: 0.791983
Train 25, loss: 1.760485, train acc: 0.833841, train avg acc: 0.744208
Test 25, loss: 1.672138, test acc: 0.858590, test avg acc: 0.791826
Train 26, loss: 1.755887, train acc: 0.838008, train avg acc: 0.749183
Test 26, loss: 1.649639, test acc: 0.869530, test avg acc: 0.812948
Train 27, loss: 1.752987, train acc: 0.838923, train avg acc: 0.753441
Test 27, loss: 1.652766, test acc: 0.866694, test avg acc: 0.773541
Train 28, loss: 1.749533, train acc: 0.840549, train avg acc: 0.755323
Test 28, loss: 1.650922, test acc: 0.869125, test avg acc: 0.790279
Train 29, loss: 1.735967, train acc: 0.840955, train avg acc: 0.758100
Test 29, loss: 1.671450, test acc: 0.853323, test avg acc: 0.771343
Train 30, loss: 1.732849, train acc: 0.842988, train avg acc: 0.755926
Test 30, loss: 1.627068, test acc: 0.871151, test avg acc: 0.797808
Train 31, loss: 1.747344, train acc: 0.839126, train avg acc: 0.757584
Test 31, loss: 1.717136, test acc: 0.834684, test avg acc: 0.759169
Train 32, loss: 1.741395, train acc: 0.847154, train avg acc: 0.768222
Test 32, loss: 1.620497, test acc: 0.873987, test avg acc: 0.796890
Train 33, loss: 1.732867, train acc: 0.844004, train avg acc: 0.763306
Test 33, loss: 1.678420, test acc: 0.861426, test avg acc: 0.807913
Train 34, loss: 1.715398, train acc: 0.855996, train avg acc: 0.779671
Test 34, loss: 1.684934, test acc: 0.859400, test avg acc: 0.807122
Train 35, loss: 1.725646, train acc: 0.850203, train avg acc: 0.771643
Test 35, loss: 1.745123, test acc: 0.822934, test avg acc: 0.770390
Train 36, loss: 1.715587, train acc: 0.854065, train avg acc: 0.778069
Test 36, loss: 1.630920, test acc: 0.876013, test avg acc: 0.812017
Train 37, loss: 1.724506, train acc: 0.852642, train avg acc: 0.774128
Test 37, loss: 1.728744, test acc: 0.842382, test avg acc: 0.807285
