Namespace(batch_size=32, dataset='modelnet40', dropout=0.5, emb_dims=1024, epochs=250, eval=False, exp_name='exp', k=20, lr=0.001, model='dgcnn', model_path='', momentum=0.9, no_cuda=False, num_points=1024, seed=1, test_batch_size=16, use_sgd=True)
Using CPU
Namespace(batch_size=16, dataset='modelnet40', dropout=0.5, emb_dims=1024, epochs=250, eval=False, exp_name='exp', k=20, lr=0.001, model='dgcnn', model_path='', momentum=0.9, no_cuda=False, num_points=1024, seed=1, test_batch_size=16, use_sgd=True)
Using GPU : 0 from 1 devices
Namespace(batch_size=16, dataset='modelnet40', dropout=0.5, emb_dims=1024, epochs=250, eval=False, exp_name='exp', k=20, lr=0.001, model='dgcnn', model_path='', momentum=0.9, no_cuda=False, num_points=1024, seed=1, test_batch_size=16, use_sgd=True)
Using GPU : 0 from 1 devices
Namespace(batch_size=16, dataset='modelnet40', dropout=0.5, emb_dims=1024, epochs=250, eval=False, exp_name='exp', k=20, lr=0.001, model='dgcnn', model_path='', momentum=0.9, no_cuda=False, num_points=1024, seed=1, test_batch_size=16, use_sgd=True)
Using GPU : 0 from 1 devices
Namespace(batch_size=16, dataset='modelnet40', dropout=0.5, emb_dims=1024, epochs=250, eval=False, exp_name='exp', k=20, lr=0.001, model='dgcnn', model_path='', momentum=0.9, no_cuda=False, num_points=1024, seed=1, test_batch_size=16, use_sgd=True)
Using GPU : 0 from 1 devices
Train 0, loss: 2.967377, train acc: 0.366463, train avg acc: 0.193885
Test 0, loss: 2.552366, test acc: 0.447326, test avg acc: 0.332773
Namespace(batch_size=16, dataset='modelnet40', dropout=0.5, emb_dims=1024, epochs=250, eval=False, exp_name='exp', k=20, lr=0.001, model='dgcnn', model_path='', momentum=0.9, no_cuda=False, num_points=1024, seed=1, test_batch_size=16, use_sgd=True)
Using GPU : 0 from 1 devices
Namespace(batch_size=16, dataset='modelnet40', dropout=0.5, emb_dims=1024, epochs=250, eval=False, exp_name='exp', k=20, lr=0.001, model='dgcnn', model_path='', momentum=0.9, no_cuda=False, num_points=1024, seed=1, test_batch_size=16, use_sgd=True)
Using GPU : 0 from 1 devices
Namespace(batch_size=16, dataset='modelnet40', dropout=0.5, emb_dims=1024, epochs=250, eval=False, exp_name='exp', k=20, lr=0.001, model='dgcnn', model_path='', momentum=0.9, no_cuda=False, num_points=1024, seed=1, test_batch_size=16, use_sgd=True)
Using GPU : 0 from 1 devices
Namespace(batch_size=16, dataset='modelnet40', dropout=0.5, emb_dims=1024, epochs=250, eval=False, exp_name='exp', k=20, lr=0.001, model='dgcnn', model_path='', momentum=0.9, no_cuda=False, num_points=1024, seed=1, test_batch_size=16, use_sgd=True)
Using GPU : 0 from 1 devices
Namespace(batch_size=16, dataset='modelnet40', dropout=0.5, emb_dims=1024, epochs=250, eval=False, exp_name='exp', k=20, lr=0.001, model='dgcnn', model_path='', momentum=0.9, no_cuda=False, num_points=1024, seed=1, test_batch_size=16, use_sgd=True)
Using GPU : 0 from 1 devices
